[2026-03-19 14:18:40] [INFO] [Steve] Log file created at logs\Steve_20260319_141840.log
[2026-03-19 14:18:40] [INFO] [Steve] Starting federate process.
[2026-03-19 14:18:40] [INFO] [Steve] Creating RTI ambassador.
[2026-03-19 14:18:43] [INFO] [Steve] Connected to RTI.
[2026-03-19 14:18:43] [INFO] [Steve] Using federation MAK-ONE-2025.
[2026-03-19 14:18:43] [INFO] [Steve] Using FOM module C:/MAK/vrforces5.2e/bin64/RPR_FOM_v2.0_1516-2010.xml.
[2026-03-19 14:18:43] [INFO] [Steve] Federation already exists. Joining existing federation.
[2026-03-19 14:18:43] [INFO] [Steve] Joining existing federation without additional FOM modules (set RPR_JOIN_WITH_ADDITIONAL_FOM=1 to force a modular merge attempt).
[2026-03-19 14:19:01] [INFO] [Steve] Joined federation as Steve.
[2026-03-19 14:19:01] [INFO] [Steve] Using RPR object class: HLAobjectRoot.BaseEntity.PhysicalEntity.Lifeform.Human
[2026-03-19 14:19:01] [INFO] [Steve] Requesting object instance name reservation for Steve.
[2026-03-19 14:19:01] [INFO] [Steve] Object instance name reserved: Steve.
[2026-03-19 14:19:01] [INFO] [Steve] Discovered entity=VRF65538:0 handle=16777218.
[2026-03-19 14:19:01] [INFO] [Steve] Discovered entity=VRF65538:100 handle=16777225.
[2026-03-19 14:19:01] [INFO] [Steve] Discovered entity=VRF65538:101 handle=16777228.
[2026-03-19 14:19:01] [INFO] [Steve] Discovered entity=VRF65538:103 handle=16777233.
[2026-03-19 14:19:01] [INFO] [Steve] Discovered entity=VRF65538:104 handle=16777236.
[2026-03-19 14:19:01] [INFO] [Steve] Discovered entity=VRF65538:105 handle=16777239.
[2026-03-19 14:19:01] [INFO] [Steve] Discovered entity=VRF65538:107 handle=16777244.
[2026-03-19 14:19:01] [INFO] [Steve] Discovered entity=VRF65538:108 handle=16777247.
[2026-03-19 14:19:01] [INFO] [Steve] Discovered entity=VRF65538:109 handle=16777250.
[2026-03-19 14:19:01] [INFO] [Steve] Discovered entity=VRF65538:11 handle=16777253.
[2026-03-19 14:19:01] [INFO] [Steve] Discovered entity=VRF65538:110 handle=16777256.
[2026-03-19 14:19:01] [INFO] [Steve] Discovered entity=VRF65538:111 handle=16777259.
[2026-03-19 14:19:01] [INFO] [Steve] Discovered entity=VRF65538:113 handle=16777264.
[2026-03-19 14:19:01] [INFO] [Steve] Discovered entity=VRF65538:116 handle=16777269.
[2026-03-19 14:19:01] [INFO] [Steve] Discovered entity=VRF65538:118 handle=16777274.
[2026-03-19 14:19:01] [INFO] [Steve] Discovered entity=VRF65538:119 handle=16777277.
[2026-03-19 14:19:01] [INFO] [Steve] Discovered entity=VRF65538:12 handle=16777280.
[2026-03-19 14:19:01] [INFO] [Steve] Published/subscribed RPR Human attributes.
[2026-03-19 14:19:01] [INFO] [Steve] Registered local human object instance with reserved name Steve.
[2026-03-19 14:19:01] [INFO] [Steve] Initialization completed successfully.
[2026-03-19 14:19:01] [INFO] [Steve] Run started.
[2026-03-19 14:19:01] [INFO] [Steve] Entering main loop.
[2026-03-19 14:19:01] [INFO] [Steve] Discovered entity=VRF65538:120 handle=16777283.
[2026-03-19 14:19:02] [INFO] [Steve] Discovered entity=VRF65538:121 handle=16777286.
[2026-03-19 14:19:02] [INFO] [Steve] Discovered entity=VRF65538:122 handle=16777289.
[2026-03-19 14:19:02] [INFO] [Steve] Discovered entity=VRF65538:124 handle=16777302.
[2026-03-19 14:19:02] [INFO] [Steve] Discovered entity=VRF65538:126 handle=16777307.
[2026-03-19 14:19:02] [INFO] [Steve] Discovered entity=VRF65538:127 handle=16777310.
[2026-03-19 14:19:02] [INFO] [Steve] Discovered entity=VRF65538:128 handle=16777313.
[2026-03-19 14:19:02] [INFO] [Steve] Discovered entity=VRF65538:129 handle=16777316.
[2026-03-19 14:19:20] [ERROR] [Steve] Main loop RTI exception: FederateNotExecutionMember Federate forced to resign detected when calling updateAttributeValues
[2026-03-19 14:19:20] [ERROR] [Steve] Run RTI exception: FederateNotExecutionMember Federate forced to resign detected when calling updateAttributeValues
[2026-03-19 14:19:20] [INFO] [Steve] Shutdown started. Reason: Run RTI exception: FederateNotExecutionMember Federate forced to resign detected when calling updateAttributeValues
[2026-03-19 14:19:20] [ERROR] [Steve] Exception during shutdown: FederateNotExecutionMember Federate forced to resign detected when calling resignFederationExecution
[2026-03-19 14:19:20] [INFO] [Steve] Shutdown complete.
